# Logfile created on 2014-01-13 12:04:41 +0800 by logger.rb/44203
I, [2014-01-13T12:04:41.552943 #66917]  INFO -- : 0:  backports (3.3.0) from /Users/leon/.rvm/gems/ruby-2.1.0@sinatra/specifications/backports-3.3.0.gemspec
I, [2014-01-13T12:04:42.435279 #66917]  INFO -- : 0:  builder (3.2.0) from /Users/leon/.rvm/gems/ruby-2.1.0@sinatra/specifications/builder-3.2.0.gemspec
I, [2014-01-13T12:04:42.998707 #66917]  INFO -- : 0:  daemons (1.1.9) from /Users/leon/.rvm/gems/ruby-2.1.0@sinatra/specifications/daemons-1.1.9.gemspec
I, [2014-01-13T12:04:57.721112 #66917]  INFO -- : 0:  eventmachine (1.0.3) from /Users/leon/.rvm/gems/ruby-2.1.0@sinatra/specifications/eventmachine-1.0.3.gemspec
I, [2014-01-13T12:05:02.022979 #66917]  INFO -- : 0:  rack (1.5.2) from /Users/leon/.rvm/gems/ruby-2.1.0@sinatra/specifications/rack-1.5.2.gemspec
I, [2014-01-13T12:05:02.370675 #66917]  INFO -- : 0:  rack-protection (1.5.0) from /Users/leon/.rvm/gems/ruby-2.1.0@sinatra/specifications/rack-protection-1.5.0.gemspec
I, [2014-01-13T12:05:02.924337 #66917]  INFO -- : 0:  rack-test (0.6.2) from /Users/leon/.rvm/gems/ruby-2.1.0@sinatra/specifications/rack-test-0.6.2.gemspec
I, [2014-01-13T12:05:05.900074 #66917]  INFO -- : 0:  rdiscount (2.0.7.3) from /Users/leon/.rvm/gems/ruby-2.1.0@sinatra/specifications/rdiscount-2.0.7.3.gemspec
I, [2014-01-13T12:05:06.509268 #66917]  INFO -- : 0:  tilt (1.4.1) from /Users/leon/.rvm/gems/ruby-2.1.0@sinatra/specifications/tilt-1.4.1.gemspec
I, [2014-01-13T12:05:08.776905 #66917]  INFO -- : 0:  sinatra (1.4.2) from /Users/leon/.rvm/gems/ruby-2.1.0@sinatra/specifications/sinatra-1.4.2.gemspec
I, [2014-01-13T12:05:09.414259 #66917]  INFO -- : 0:  sinatra-contrib (1.4.0) from /Users/leon/.rvm/gems/ruby-2.1.0@sinatra/specifications/sinatra-contrib-1.4.0.gemspec
I, [2014-01-13T12:05:10.662175 #66917]  INFO -- : 0:  stringex (2.1.2) from /Users/leon/.rvm/gems/ruby-2.1.0@sinatra/specifications/stringex-2.1.2.gemspec
I, [2014-01-13T12:05:11.688408 #66917]  INFO -- : 0:  thin (1.5.1) from /Users/leon/.rvm/gems/ruby-2.1.0@sinatra/specifications/thin-1.5.1.gemspec
I, [2014-01-13T12:05:11.688987 #66917]  INFO -- : 0:  bundler (1.5.1) from /Users/leon/.rvm/gems/ruby-2.1.0@global/specifications/bundler-1.5.1.gemspec
I, [2014-01-13T15:04:30.133119 #99851]  INFO -- : 0:  backports (3.3.0) from /Users/leon/.rvm/gems/ruby-2.1.0@sinatra/specifications/backports-3.3.0.gemspec
I, [2014-01-13T15:04:30.166203 #99851]  INFO -- : 0:  builder (3.2.0) from /Users/leon/.rvm/gems/ruby-2.1.0@sinatra/specifications/builder-3.2.0.gemspec
I, [2014-01-13T15:04:30.166486 #99851]  INFO -- : 0:  daemons (1.1.9) from /Users/leon/.rvm/gems/ruby-2.1.0@sinatra/specifications/daemons-1.1.9.gemspec
I, [2014-01-13T15:04:30.166733 #99851]  INFO -- : 0:  eventmachine (1.0.3) from /Users/leon/.rvm/gems/ruby-2.1.0@sinatra/specifications/eventmachine-1.0.3.gemspec
I, [2014-01-13T15:04:30.167005 #99851]  INFO -- : 0:  rack (1.5.2) from /Users/leon/.rvm/gems/ruby-2.1.0@sinatra/specifications/rack-1.5.2.gemspec
I, [2014-01-13T15:04:30.167245 #99851]  INFO -- : 0:  rack-protection (1.5.0) from /Users/leon/.rvm/gems/ruby-2.1.0@sinatra/specifications/rack-protection-1.5.0.gemspec
I, [2014-01-13T15:04:30.167545 #99851]  INFO -- : 0:  rack-test (0.6.2) from /Users/leon/.rvm/gems/ruby-2.1.0@sinatra/specifications/rack-test-0.6.2.gemspec
I, [2014-01-13T15:04:30.167795 #99851]  INFO -- : 0:  rdiscount (2.0.7.3) from /Users/leon/.rvm/gems/ruby-2.1.0@sinatra/specifications/rdiscount-2.0.7.3.gemspec
I, [2014-01-13T15:04:30.168240 #99851]  INFO -- : 0:  tilt (1.4.1) from /Users/leon/.rvm/gems/ruby-2.1.0@sinatra/specifications/tilt-1.4.1.gemspec
I, [2014-01-13T15:04:30.168566 #99851]  INFO -- : 0:  sinatra (1.4.2) from /Users/leon/.rvm/gems/ruby-2.1.0@sinatra/specifications/sinatra-1.4.2.gemspec
I, [2014-01-13T15:04:30.168852 #99851]  INFO -- : 0:  sinatra-contrib (1.4.0) from /Users/leon/.rvm/gems/ruby-2.1.0@sinatra/specifications/sinatra-contrib-1.4.0.gemspec
I, [2014-01-13T15:04:30.169176 #99851]  INFO -- : 0:  stringex (2.1.2) from /Users/leon/.rvm/gems/ruby-2.1.0@sinatra/specifications/stringex-2.1.2.gemspec
I, [2014-01-13T15:04:30.169469 #99851]  INFO -- : 0:  thin (1.5.1) from /Users/leon/.rvm/gems/ruby-2.1.0@sinatra/specifications/thin-1.5.1.gemspec
I, [2014-01-13T15:04:30.169753 #99851]  INFO -- : 0:  bundler (1.5.1) from /Users/leon/.rvm/gems/ruby-2.1.0@global/specifications/bundler-1.5.1.gemspec
